# JRE version: OpenJDK Runtime Environment (8.0_152-b06) (build 1.8.0_152-release-1136-b06)
# Java VM: OpenJDK 64-Bit Server VM (25.152-b06 mixed mode windows-amd64 compressed oops)
Heap:
 PSYoungGen      total 64000K, used 18535K [0x00000000e0000000, 0x00000000e4800000, 0x0000000100000000)
  eden space 54272K, 24% used [0x00000000e0000000,0x00000000e0ceb240,0x00000000e3500000)
  from space 9728K, 54% used [0x00000000e3e80000,0x00000000e43aec60,0x00000000e4800000)
  to   space 9728K, 0% used [0x00000000e3500000,0x00000000e3500000,0x00000000e3e80000)
 ParOldGen       total 54784K, used 8730K [0x00000000a0000000, 0x00000000a3580000, 0x00000000e0000000)
  object space 54784K, 15% used [0x00000000a0000000,0x00000000a0886ae0,0x00000000a3580000)
 Metaspace       used 29040K, capacity 29492K, committed 29568K, reserved 1075200K
  class space    used 4067K, capacity 4215K, committed 4224K, reserved 1048576K
GC Heap History (10 events):
Event: 22.628 GC heap before
{Heap before GC invocations=5 (full 0):
 PSYoungGen      total 36864K, used 29305K [0x00000000e0000000, 0x00000000e2900000, 0x0000000100000000)
  eden space 31744K, 76% used [0x00000000e0000000,0x00000000e17a2578,0x00000000e1f00000)
  from space 5120K, 99% used [0x00000000e2400000,0x00000000e28fc010,0x00000000e2900000)
  to   space 5120K, 0% used [0x00000000e1f00000,0x00000000e1f00000,0x00000000e2400000)
 ParOldGen       total 84992K, used 4463K [0x00000000a0000000, 0x00000000a5300000, 0x00000000e0000000)
  object space 84992K, 5% used [0x00000000a0000000,0x00000000a045bf30,0x00000000a5300000)
 Metaspace       used 20865K, capacity 21236K, committed 21248K, reserved 1067008K
  class space    used 2926K, capacity 3072K, committed 3072K, reserved 1048576K
Event: 22.642 GC heap after
Heap after GC invocations=5 (full 0):
 PSYoungGen      total 36352K, used 5098K [0x00000000e0000000, 0x00000000e3280000, 0x0000000100000000)
  eden space 31232K, 0% used [0x00000000e0000000,0x00000000e0000000,0x00000000e1e80000)
  from space 5120K, 99% used [0x00000000e1f00000,0x00000000e23faa58,0x00000000e2400000)
  to   space 10240K, 0% used [0x00000000e2880000,0x00000000e2880000,0x00000000e3280000)
 ParOldGen       total 84992K, used 8098K [0x00000000a0000000, 0x00000000a5300000, 0x00000000e0000000)
  object space 84992K, 9% used [0x00000000a0000000,0x00000000a07e8830,0x00000000a5300000)
 Metaspace       used 20865K, capacity 21236K, committed 21248K, reserved 1067008K
  class space    used 2926K, capacity 3072K, committed 3072K, reserved 1048576K
}
Event: 22.642 GC heap before
{Heap before GC invocations=6 (full 1):
 PSYoungGen      total 36352K, used 5098K [0x00000000e0000000, 0x00000000e3280000, 0x0000000100000000)
  eden space 31232K, 0% used [0x00000000e0000000,0x00000000e0000000,0x00000000e1e80000)
  from space 5120K, 99% used [0x00000000e1f00000,0x00000000e23faa58,0x00000000e2400000)
  to   space 10240K, 0% used [0x00000000e2880000,0x00000000e2880000,0x00000000e3280000)
 ParOldGen       total 84992K, used 8098K [0x00000000a0000000, 0x00000000a5300000, 0x00000000e0000000)
  object space 84992K, 9% used [0x00000000a0000000,0x00000000a07e8830,0x00000000a5300000)
 Metaspace       used 20865K, capacity 21236K, committed 21248K, reserved 1067008K
  class space    used 2926K, capacity 3072K, committed 3072K, reserved 1048576K
Event: 22.729 GC heap after
Heap after GC invocations=6 (full 1):
 PSYoungGen      total 36352K, used 0K [0x00000000e0000000, 0x00000000e3280000, 0x0000000100000000)
  eden space 31232K, 0% used [0x00000000e0000000,0x00000000e0000000,0x00000000e1e80000)
  from space 5120K, 0% used [0x00000000e1f00000,0x00000000e1f00000,0x00000000e2400000)
  to   space 10240K, 0% used [0x00000000e2880000,0x00000000e2880000,0x00000000e3280000)
 ParOldGen       total 54784K, used 8714K [0x00000000a0000000, 0x00000000a3580000, 0x00000000e0000000)
  object space 54784K, 15% used [0x00000000a0000000,0x00000000a0882ae0,0x00000000a3580000)
 Metaspace       used 20865K, capacity 21236K, committed 21248K, reserved 1067008K
  class space    used 2926K, capacity 3072K, committed 3072K, reserved 1048576K
}
Event: 23.749 GC heap before
{Heap before GC invocations=7 (full 1):
 PSYoungGen      total 36352K, used 31232K [0x00000000e0000000, 0x00000000e3280000, 0x0000000100000000)
  eden space 31232K, 100% used [0x00000000e0000000,0x00000000e1e80000,0x00000000e1e80000)
  from space 5120K, 0% used [0x00000000e1f00000,0x00000000e1f00000,0x00000000e2400000)
  to   space 10240K, 0% used [0x00000000e2880000,0x00000000e2880000,0x00000000e3280000)
 ParOldGen       total 54784K, used 8714K [0x00000000a0000000, 0x00000000a3580000, 0x00000000e0000000)
  object space 54784K, 15% used [0x00000000a0000000,0x00000000a0882ae0,0x00000000a3580000)
 Metaspace       used 23837K, capacity 24260K, committed 24448K, reserved 1071104K
  class space    used 3273K, capacity 3433K, committed 3456K, reserved 1048576K
Event: 23.758 GC heap after
Heap after GC invocations=7 (full 1):
 PSYoungGen      total 40960K, used 3605K [0x00000000e0000000, 0x00000000e4900000, 0x0000000100000000)
  eden space 30720K, 0% used [0x00000000e0000000,0x00000000e0000000,0x00000000e1e00000)
  from space 10240K, 35% used [0x00000000e2880000,0x00000000e2c056e8,0x00000000e3280000)
  to   space 10752K, 0% used [0x00000000e1e00000,0x00000000e1e00000,0x00000000e2880000)
 ParOldGen       total 54784K, used 8722K [0x00000000a0000000, 0x00000000a3580000, 0x00000000e0000000)
  object space 54784K, 15% used [0x00000000a0000000,0x00000000a0884ae0,0x00000000a3580000)
 Metaspace       used 23837K, capacity 24260K, committed 24448K, reserved 1071104K
  class space    used 3273K, capacity 3433K, committed 3456K, reserved 1048576K
}
Event: 24.692 GC heap before
{Heap before GC invocations=8 (full 1):
 PSYoungGen      total 40960K, used 34325K [0x00000000e0000000, 0x00000000e4900000, 0x0000000100000000)
  eden space 30720K, 100% used [0x00000000e0000000,0x00000000e1e00000,0x00000000e1e00000)
  from space 10240K, 35% used [0x00000000e2880000,0x00000000e2c056e8,0x00000000e3280000)
  to   space 10752K, 0% used [0x00000000e1e00000,0x00000000e1e00000,0x00000000e2880000)
 ParOldGen       total 54784K, used 8722K [0x00000000a0000000, 0x00000000a3580000, 0x00000000e0000000)
  object space 54784K, 15% used [0x00000000a0000000,0x00000000a0884ae0,0x00000000a3580000)
 Metaspace       used 26528K, capacity 26958K, committed 27136K, reserved 1073152K
  class space    used 3637K, capacity 3797K, committed 3840K, reserved 1048576K
Event: 24.711 GC heap after
Heap after GC invocations=8 (full 1):
 PSYoungGen      total 41472K, used 4752K [0x00000000e0000000, 0x00000000e4880000, 0x0000000100000000)
  eden space 30720K, 0% used [0x00000000e0000000,0x00000000e0000000,0x00000000e1e00000)
  from space 10752K, 44% used [0x00000000e1e00000,0x00000000e22a4088,0x00000000e2880000)
  to   space 10240K, 0% used [0x00000000e3e80000,0x00000000e3e80000,0x00000000e4880000)
 ParOldGen       total 54784K, used 8722K [0x00000000a0000000, 0x00000000a3580000, 0x00000000e0000000)
  object space 54784K, 15% used [0x00000000a0000000,0x00000000a0884ae0,0x00000000a3580000)
 Metaspace       used 26528K, capacity 26958K, committed 27136K, reserved 1073152K
  class space    used 3637K, capacity 3797K, committed 3840K, reserved 1048576K
}
Event: 25.775 GC heap before
{Heap before GC invocations=9 (full 1):
 PSYoungGen      total 41472K, used 35472K [0x00000000e0000000, 0x00000000e4880000, 0x0000000100000000)
  eden space 30720K, 100% used [0x00000000e0000000,0x00000000e1e00000,0x00000000e1e00000)
  from space 10752K, 44% used [0x00000000e1e00000,0x00000000e22a4088,0x00000000e2880000)
  to   space 10240K, 0% used [0x00000000e3e80000,0x00000000e3e80000,0x00000000e4880000)
 ParOldGen       total 54784K, used 8722K [0x00000000a0000000, 0x00000000a3580000, 0x00000000e0000000)
  object space 54784K, 15% used [0x00000000a0000000,0x00000000a0884ae0,0x00000000a3580000)
 Metaspace       used 28178K, capacity 28564K, committed 28800K, reserved 1073152K
  class space    used 3949K, capacity 4119K, committed 4224K, reserved 1048576K
Event: 25.788 GC heap after
Heap after GC invocations=9 (full 1):
 PSYoungGen      total 64000K, used 5307K [0x00000000e0000000, 0x00000000e4800000, 0x0000000100000000)
  eden space 54272K, 0% used [0x00000000e0000000,0x00000000e0000000,0x00000000e3500000)
  from space 9728K, 54% used [0x00000000e3e80000,0x00000000e43aec60,0x00000000e4800000)
  to   space 9728K, 0% used [0x00000000e3500000,0x00000000e3500000,0x00000000e3e80000)
 ParOldGen       total 54784K, used 8730K [0x00000000a0000000, 0x00000000a3580000, 0x00000000e0000000)
  object space 54784K, 15% used [0x00000000a0000000,0x00000000a0886ae0,0x00000000a3580000)
 Metaspace       used 28178K, capacity 28564K, committed 28800K, reserved 1073152K
  class space    used 3949K, capacity 4119K, committed 4224K, reserved 1048576K
}

