# JRE version: OpenJDK Runtime Environment (8.0_152-b06) (build 1.8.0_152-release-1136-b06)
# Java VM: OpenJDK 64-Bit Server VM (25.152-b06 mixed mode windows-amd64 compressed oops)
Heap:
 PSYoungGen      total 107008K, used 74440K [0x00000000e0000000, 0x00000000e7580000, 0x0000000100000000)
  eden space 97792K, 68% used [0x00000000e0000000,0x00000000e417c490,0x00000000e5f80000)
  from space 9216K, 80% used [0x00000000e6c80000,0x00000000e73b5e38,0x00000000e7580000)
  to   space 11264K, 0% used [0x00000000e5f80000,0x00000000e5f80000,0x00000000e6a80000)
 ParOldGen       total 88576K, used 15460K [0x00000000a0000000, 0x00000000a5680000, 0x00000000e0000000)
  object space 88576K, 17% used [0x00000000a0000000,0x00000000a0f19228,0x00000000a5680000)
 Metaspace       used 44034K, capacity 44872K, committed 44928K, reserved 1087488K
  class space    used 6004K, capacity 6267K, committed 6272K, reserved 1048576K
GC Heap History (10 events):
Event: 6.282 GC heap before
{Heap before GC invocations=8 (full 1):
 PSYoungGen      total 53248K, used 52769K [0x00000000e0000000, 0x00000000e4c00000, 0x0000000100000000)
  eden space 49152K, 100% used [0x00000000e0000000,0x00000000e3000000,0x00000000e3000000)
  from space 4096K, 88% used [0x00000000e4800000,0x00000000e4b887e8,0x00000000e4c00000)
  to   space 10240K, 0% used [0x00000000e3800000,0x00000000e3800000,0x00000000e4200000)
 ParOldGen       total 59392K, used 8731K [0x00000000a0000000, 0x00000000a3a00000, 0x00000000e0000000)
  object space 59392K, 14% used [0x00000000a0000000,0x00000000a0886ce0,0x00000000a3a00000)
 Metaspace       used 27486K, capacity 27896K, committed 28032K, reserved 1073152K
  class space    used 3825K, capacity 3959K, committed 3968K, reserved 1048576K
Event: 6.295 GC heap after
Heap after GC invocations=8 (full 1):
 PSYoungGen      total 67584K, used 6219K [0x00000000e0000000, 0x00000000e5e00000, 0x0000000100000000)
  eden space 57344K, 0% used [0x00000000e0000000,0x00000000e0000000,0x00000000e3800000)
  from space 10240K, 60% used [0x00000000e3800000,0x00000000e3e12e90,0x00000000e4200000)
  to   space 10240K, 0% used [0x00000000e5400000,0x00000000e5400000,0x00000000e5e00000)
 ParOldGen       total 59392K, used 8739K [0x00000000a0000000, 0x00000000a3a00000, 0x00000000e0000000)
  object space 59392K, 14% used [0x00000000a0000000,0x00000000a0888ce0,0x00000000a3a00000)
 Metaspace       used 27486K, capacity 27896K, committed 28032K, reserved 1073152K
  class space    used 3825K, capacity 3959K, committed 3968K, reserved 1048576K
}
Event: 12.663 GC heap before
{Heap before GC invocations=9 (full 1):
 PSYoungGen      total 67584K, used 63563K [0x00000000e0000000, 0x00000000e5e00000, 0x0000000100000000)
  eden space 57344K, 100% used [0x00000000e0000000,0x00000000e3800000,0x00000000e3800000)
  from space 10240K, 60% used [0x00000000e3800000,0x00000000e3e12e90,0x00000000e4200000)
  to   space 10240K, 0% used [0x00000000e5400000,0x00000000e5400000,0x00000000e5e00000)
 ParOldGen       total 59392K, used 8739K [0x00000000a0000000, 0x00000000a3a00000, 0x00000000e0000000)
  object space 59392K, 14% used [0x00000000a0000000,0x00000000a0888ce0,0x00000000a3a00000)
 Metaspace       used 30502K, capacity 31038K, committed 31232K, reserved 1075200K
  class space    used 4289K, capacity 4496K, committed 4608K, reserved 1048576K
Event: 12.686 GC heap after
Heap after GC invocations=9 (full 1):
 PSYoungGen      total 85504K, used 8884K [0x00000000e0000000, 0x00000000e6880000, 0x0000000100000000)
  eden space 75264K, 0% used [0x00000000e0000000,0x00000000e0000000,0x00000000e4980000)
  from space 10240K, 86% used [0x00000000e5400000,0x00000000e5cad370,0x00000000e5e00000)
  to   space 10752K, 0% used [0x00000000e4980000,0x00000000e4980000,0x00000000e5400000)
 ParOldGen       total 59392K, used 8747K [0x00000000a0000000, 0x00000000a3a00000, 0x00000000e0000000)
  object space 59392K, 14% used [0x00000000a0000000,0x00000000a088ace0,0x00000000a3a00000)
 Metaspace       used 30502K, capacity 31038K, committed 31232K, reserved 1075200K
  class space    used 4289K, capacity 4496K, committed 4608K, reserved 1048576K
}
Event: 13.344 GC heap before
{Heap before GC invocations=10 (full 1):
 PSYoungGen      total 85504K, used 29527K [0x00000000e0000000, 0x00000000e6880000, 0x0000000100000000)
  eden space 75264K, 27% used [0x00000000e0000000,0x00000000e1428b00,0x00000000e4980000)
  from space 10240K, 86% used [0x00000000e5400000,0x00000000e5cad370,0x00000000e5e00000)
  to   space 10752K, 0% used [0x00000000e4980000,0x00000000e4980000,0x00000000e5400000)
 ParOldGen       total 59392K, used 8747K [0x00000000a0000000, 0x00000000a3a00000, 0x00000000e0000000)
  object space 59392K, 14% used [0x00000000a0000000,0x00000000a088ace0,0x00000000a3a00000)
 Metaspace       used 34749K, capacity 35294K, committed 35416K, reserved 1079296K
  class space    used 4816K, capacity 5023K, committed 5120K, reserved 1048576K
Event: 13.357 GC heap after
Heap after GC invocations=10 (full 1):
 PSYoungGen      total 86016K, used 8919K [0x00000000e0000000, 0x00000000e7780000, 0x0000000100000000)
  eden space 75264K, 0% used [0x00000000e0000000,0x00000000e0000000,0x00000000e4980000)
  from space 10752K, 82% used [0x00000000e4980000,0x00000000e5235c80,0x00000000e5400000)
  to   space 11264K, 0% used [0x00000000e6c80000,0x00000000e6c80000,0x00000000e7780000)
 ParOldGen       total 59392K, used 8755K [0x00000000a0000000, 0x00000000a3a00000, 0x00000000e0000000)
  object space 59392K, 14% used [0x00000000a0000000,0x00000000a088cce0,0x00000000a3a00000)
 Metaspace       used 34749K, capacity 35294K, committed 35416K, reserved 1079296K
  class space    used 4816K, capacity 5023K, committed 5120K, reserved 1048576K
}
Event: 13.357 GC heap before
{Heap before GC invocations=11 (full 2):
 PSYoungGen      total 86016K, used 8919K [0x00000000e0000000, 0x00000000e7780000, 0x0000000100000000)
  eden space 75264K, 0% used [0x00000000e0000000,0x00000000e0000000,0x00000000e4980000)
  from space 10752K, 82% used [0x00000000e4980000,0x00000000e5235c80,0x00000000e5400000)
  to   space 11264K, 0% used [0x00000000e6c80000,0x00000000e6c80000,0x00000000e7780000)
 ParOldGen       total 59392K, used 8755K [0x00000000a0000000, 0x00000000a3a00000, 0x00000000e0000000)
  object space 59392K, 14% used [0x00000000a0000000,0x00000000a088cce0,0x00000000a3a00000)
 Metaspace       used 34749K, capacity 35294K, committed 35416K, reserved 1079296K
  class space    used 4816K, capacity 5023K, committed 5120K, reserved 1048576K
Event: 13.466 GC heap after
Heap after GC invocations=11 (full 2):
 PSYoungGen      total 86016K, used 0K [0x00000000e0000000, 0x00000000e7780000, 0x0000000100000000)
  eden space 75264K, 0% used [0x00000000e0000000,0x00000000e0000000,0x00000000e4980000)
  from space 10752K, 0% used [0x00000000e4980000,0x00000000e4980000,0x00000000e5400000)
  to   space 11264K, 0% used [0x00000000e6c80000,0x00000000e6c80000,0x00000000e7780000)
 ParOldGen       total 88576K, used 15452K [0x00000000a0000000, 0x00000000a5680000, 0x00000000e0000000)
  object space 88576K, 17% used [0x00000000a0000000,0x00000000a0f17228,0x00000000a5680000)
 Metaspace       used 34749K, capacity 35294K, committed 35416K, reserved 1079296K
  class space    used 4816K, capacity 5023K, committed 5120K, reserved 1048576K
}
Event: 16.171 GC heap before
{Heap before GC invocations=12 (full 2):
 PSYoungGen      total 86016K, used 75264K [0x00000000e0000000, 0x00000000e7780000, 0x0000000100000000)
  eden space 75264K, 100% used [0x00000000e0000000,0x00000000e4980000,0x00000000e4980000)
  from space 10752K, 0% used [0x00000000e4980000,0x00000000e4980000,0x00000000e5400000)
  to   space 11264K, 0% used [0x00000000e6c80000,0x00000000e6c80000,0x00000000e7780000)
 ParOldGen       total 88576K, used 15452K [0x00000000a0000000, 0x00000000a5680000, 0x00000000e0000000)
  object space 88576K, 17% used [0x00000000a0000000,0x00000000a0f17228,0x00000000a5680000)
 Metaspace       used 38938K, capacity 39586K, committed 39936K, reserved 1083392K
  class space    used 5324K, capacity 5553K, committed 5632K, reserved 1048576K
Event: 16.189 GC heap after
Heap after GC invocations=12 (full 2):
 PSYoungGen      total 107008K, used 7383K [0x00000000e0000000, 0x00000000e7580000, 0x0000000100000000)
  eden space 97792K, 0% used [0x00000000e0000000,0x00000000e0000000,0x00000000e5f80000)
  from space 9216K, 80% used [0x00000000e6c80000,0x00000000e73b5e38,0x00000000e7580000)
  to   space 11264K, 0% used [0x00000000e5f80000,0x00000000e5f80000,0x00000000e6a80000)
 ParOldGen       total 88576K, used 15460K [0x00000000a0000000, 0x00000000a5680000, 0x00000000e0000000)
  object space 88576K, 17% used [0x00000000a0000000,0x00000000a0f19228,0x00000000a5680000)
 Metaspace       used 38938K, capacity 39586K, committed 39936K, reserved 1083392K
  class space    used 5324K, capacity 5553K, committed 5632K, reserved 1048576K
}

